0 info it worked if it ends with ok
1 verbose cli [ '/usr/local/bin/node', '/usr/local/bin/npm', 'publish' ]
2 info using npm@3.3.12
3 info using node@v5.1.0
4 verbose publish [ '.' ]
5 silly cache add args [ '.', null ]
6 verbose cache add spec .
7 silly cache add parsed spec Result {
7 silly cache add   raw: '.',
7 silly cache add   scope: null,
7 silly cache add   name: null,
7 silly cache add   rawSpec: '.',
7 silly cache add   spec: '/Users/macuser/github/todd-prod',
7 silly cache add   type: 'directory' }
8 verbose addLocalDirectory /Users/macuser/.npm/todd-prod/1.0.0/package.tgz not in flight; packing
9 info lifecycle todd-prod@1.0.0~prepublish: todd-prod@1.0.0
10 silly lifecycle todd-prod@1.0.0~prepublish: no script for prepublish, continuing
11 verbose tar pack [ '/Users/macuser/.npm/todd-prod/1.0.0/package.tgz',
11 verbose tar pack   '/Users/macuser/github/todd-prod' ]
12 verbose tarball /Users/macuser/.npm/todd-prod/1.0.0/package.tgz
13 verbose folder /Users/macuser/github/todd-prod
14 verbose addLocalTarball adding from inside cache /Users/macuser/.npm/todd-prod/1.0.0/package.tgz
15 silly cache afterAdd todd-prod@1.0.0
16 verbose afterAdd /Users/macuser/.npm/todd-prod/1.0.0/package/package.json not in flight; writing
17 verbose afterAdd /Users/macuser/.npm/todd-prod/1.0.0/package/package.json written
18 silly publish { name: 'todd-prod',
18 silly publish   version: '1.0.0',
18 silly publish   description: 'Use this to multiply two variables together.',
18 silly publish   main: 'multiply.js',
18 silly publish   scripts: { test: 'echo "Error: no test specified" && exit 1' },
18 silly publish   repository:
18 silly publish    { type: 'git',
18 silly publish      url: 'git+https://github.com/Toddsqui/todd-prod.git' },
18 silly publish   keywords: [ 'npm', 'multiply', 'mult', 'node', 'todd-prod' ],
18 silly publish   author:
18 silly publish    { name: 'Todd',
18 silly publish      email: 'todd.squitieri@alumni.newschool.edu',
18 silly publish      url: 'http://www.internationalhustling.com' },
18 silly publish   license: 'MIT',
18 silly publish   bugs: { url: 'https://github.com/Toddsqui/todd-prod/issues' },
18 silly publish   homepage: 'https://github.com/Toddsqui/todd-prod#readme',
18 silly publish   dependencies: { 'todd-sum': '^1.0.1' },
18 silly publish   devDependencies: {},
18 silly publish   readme: '# TODD-PROD\n\nThis will multiply two numbers together!\n',
18 silly publish   readmeFilename: 'README.md',
18 silly publish   gitHead: 'e64e02efe80aecc31686e64f0ff1881ee8ff54e8',
18 silly publish   _id: 'todd-prod@1.0.0',
18 silly publish   _shasum: 'cb8821a98ab1e24a611fc2c22b3972f45b2b92ae',
18 silly publish   _from: '.' }
19 verbose getPublishConfig undefined
20 silly mapToRegistry name todd-prod
21 silly mapToRegistry using default registry
22 silly mapToRegistry registry https://registry.npmjs.org/
23 silly mapToRegistry uri https://registry.npmjs.org/todd-prod
24 verbose publish registryBase https://registry.npmjs.org/
25 silly publish uploading /Users/macuser/.npm/todd-prod/1.0.0/package.tgz
26 verbose request uri https://registry.npmjs.org/todd-prod
27 verbose request sending authorization for write operation
28 info attempt registry request try #1 at 10:54:16 PM
29 verbose request using bearer token for auth
30 verbose request id 82eba63c9663a63e
31 http request PUT https://registry.npmjs.org/todd-prod
32 http 403 https://registry.npmjs.org/todd-prod
33 verbose headers { 'content-type': 'application/json',
33 verbose headers   'cache-control': 'max-age=300',
33 verbose headers   'content-length': '95',
33 verbose headers   'accept-ranges': 'bytes',
33 verbose headers   date: 'Sun, 31 Jan 2016 13:54:18 GMT',
33 verbose headers   via: '1.1 varnish',
33 verbose headers   connection: 'keep-alive',
33 verbose headers   'x-served-by': 'cache-nrt6123-NRT',
33 verbose headers   'x-cache': 'MISS',
33 verbose headers   'x-cache-hits': '0',
33 verbose headers   'x-timer': 'S1454248457.630113,VS0,VE842' }
34 verbose request invalidating /Users/macuser/.npm/registry.npmjs.org/todd-prod on PUT
35 error publish Failed PUT 403
36 verbose stack Error: "You cannot publish over the previously published version 1.0.0." : todd-prod
36 verbose stack     at makeError (/usr/local/lib/node_modules/npm/node_modules/npm-registry-client/lib/request.js:264:12)
36 verbose stack     at CachingRegistryClient.<anonymous> (/usr/local/lib/node_modules/npm/node_modules/npm-registry-client/lib/request.js:252:14)
36 verbose stack     at Request._callback (/usr/local/lib/node_modules/npm/node_modules/npm-registry-client/lib/request.js:172:14)
36 verbose stack     at Request.self.callback (/usr/local/lib/node_modules/npm/node_modules/request/request.js:198:22)
36 verbose stack     at emitTwo (events.js:87:13)
36 verbose stack     at Request.emit (events.js:172:7)
36 verbose stack     at Request.<anonymous> (/usr/local/lib/node_modules/npm/node_modules/request/request.js:1082:10)
36 verbose stack     at emitOne (events.js:82:20)
36 verbose stack     at Request.emit (events.js:169:7)
36 verbose stack     at IncomingMessage.<anonymous> (/usr/local/lib/node_modules/npm/node_modules/request/request.js:1009:12)
37 verbose statusCode 403
38 verbose pkgid todd-prod
39 verbose cwd /Users/macuser/github/todd-prod
40 error Darwin 13.4.0
41 error argv "/usr/local/bin/node" "/usr/local/bin/npm" "publish"
42 error node v5.1.0
43 error npm  v3.3.12
44 error code E403
45 error "You cannot publish over the previously published version 1.0.0." : todd-prod
46 error If you need help, you may report this error at:
46 error     <https://github.com/npm/npm/issues>
47 verbose exit [ 1, true ]
